mode: count
go-demo/mask/presenter.go:12.54,14.2 1 0
go-demo/mask/presenter.go:16.55,18.16 2 0
go-demo/mask/presenter.go:18.16,20.3 1 0
go-demo/mask/presenter.go:21.2,24.23 3 0
go-demo/mask/presenter.go:24.23,25.59 1 0
go-demo/mask/presenter.go:25.59,27.4 1 0
go-demo/mask/presenter.go:29.2,29.18 1 0
go-demo/mask/reader.go:12.47,14.2 1 0
go-demo/mask/reader.go:16.50,18.16 2 0
go-demo/mask/reader.go:18.16,20.3 1 0
go-demo/mask/reader.go:21.2,25.16 4 0
go-demo/mask/reader.go:25.16,27.3 1 0
go-demo/mask/reader.go:28.2,28.33 1 0
go-demo/mask/reader.go:28.33,30.3 1 0
go-demo/mask/reader.go:31.2,31.19 1 0
go-demo/mask/service.go:16.57,18.2 1 3
go-demo/mask/service.go:21.59,25.30 3 10
go-demo/mask/service.go:25.30,30.57 1 156
go-demo/mask/service.go:30.57,31.32 1 6
go-demo/mask/service.go:31.32,33.6 1 2
go-demo/mask/service.go:33.10,35.6 1 4
go-demo/mask/service.go:37.4,37.12 1 6
go-demo/mask/service.go:40.3,40.66 1 150
go-demo/mask/service.go:40.66,43.12 2 44
go-demo/mask/service.go:46.3,46.29 1 106
go-demo/mask/service.go:46.29,50.12 2 16
go-demo/mask/service.go:54.2,54.28 1 10
go-demo/mask/service.go:57.31,59.16 2 3
go-demo/mask/service.go:59.16,61.3 1 1
go-demo/mask/service.go:63.2,64.29 2 2
go-demo/mask/service.go:64.29,66.3 1 10
go-demo/mask/service.go:68.2,68.47 1 2
go-demo/mask/service.go:68.47,70.3 1 1
go-demo/mask/service.go:72.2,72.12 1 1
